<?xml version="1.0" encoding="UTF-8"?>
<testsuite xmlns:xsi="http://www.w3.org/2001/XMLSchema-instance" xsi:noNamespaceSchemaLocation="https://maven.apache.org/surefire/maven-surefire-plugin/xsd/surefire-test-report-3.0.xsd" version="3.0" name="examples.pets.PetsRunner" time="366.274" tests="4" errors="0" skipped="0" failures="0">
  <properties>
[...]
</properties>
  <testcase name="[1:7] Add a pet" classname="examples/pets/pets" time="122.419">
    <system-out><![CDATA[21:15:44.598 [main] DEBUG com.intuit.karate.Suite - [config] classpath:karate-config.js
21:15:45.782 [main] INFO  com.intuit.karate - karate.env system property was: null 
21:15:46.138 [main] DEBUG com.intuit.karate - request:
1 > POST https://petstore.swagger.io/v2/pet
1 > Content-Type: application/json; charset=UTF-8
1 > Content-Length: 226
1 > Host: petstore.swagger.io
1 > Connection: Keep-Alive
1 > User-Agent: Apache-HttpClient/4.5.14 (Java/23.0.1)
1 > Accept-Encoding: gzip,deflate
{"id":0,"category":{"id":99902001,"name":"Canine"},"name":"Chihuahua","photoUrls":["https:\/\/cdn.britannica.com\/70\/8170-050-82AE83CD\/Chihuahua-smooth-coat.jpg"],"tags":[{"id":99903001,"name":"small"}],"status":"available"}

21:15:46.950 [main] DEBUG com.intuit.karate - response time in milliseconds: 808
1 < 200
1 < Date: Mon, 22 Sep 2025 02:15:46 GMT
1 < Content-Type: application/json
1 < Transfer-Encoding: chunked
1 < Connection: keep-alive
1 < Access-Control-Allow-Origin: *
1 < Access-Control-Allow-Methods: GET, POST, DELETE, PUT
1 < Access-Control-Allow-Headers: Content-Type, api_key, Authorization
1 < Server: Jetty(9.2.9.v20150224)
{"id":9223372036854748191,"category":{"id":99902001,"name":"Canine"},"name":"Chihuahua","photoUrls":["https://cdn.britannica.com/70/8170-050-82AE83CD/Chihuahua-smooth-coat.jpg"],"tags":[{"id":99903001,"name":"small"}],"status":"available"}

21:15:46.963 [main] INFO  com.intuit.karate - [print] Created pet id 9223372036854748191 
21:15:46.997 [main] DEBUG com.intuit.karate - write to file: target\tmp\pet_new.json
21:15:46.998 [main] INFO  com.intuit.karate - [print] Espera de 60 segundos... 
21:17:47.043 [main] INFO  com.intuit.karate - [print] Se reestablece la prueba después de la espera. 
]]></system-out>
  </testcase>
  <testcase name="[2:45] Search the pet created recently" classname="examples/pets/pets" time="0.687">
    <system-out><![CDATA[21:17:47.066 [main] INFO  com.intuit.karate - karate.env system property was: null 
21:17:47.092 [main] DEBUG com.intuit.karate - request:
1 > GET https://petstore.swagger.io/v2/pet/9223372036854748191
1 > Host: petstore.swagger.io
1 > Connection: Keep-Alive
1 > User-Agent: Apache-HttpClient/4.5.14 (Java/23.0.1)
1 > Accept-Encoding: gzip,deflate


21:17:47.714 [main] DEBUG com.intuit.karate - response time in milliseconds: 621
1 < 200
1 < Date: Mon, 22 Sep 2025 02:17:47 GMT
1 < Content-Type: application/json
1 < Transfer-Encoding: chunked
1 < Connection: keep-alive
1 < Access-Control-Allow-Origin: *
1 < Access-Control-Allow-Methods: GET, POST, DELETE, PUT
1 < Access-Control-Allow-Headers: Content-Type, api_key, Authorization
1 < Server: Jetty(9.2.9.v20150224)
{"id":9223372036854748191,"category":{"id":99902001,"name":"Canine"},"name":"Chihuahua","photoUrls":["https://cdn.britannica.com/70/8170-050-82AE83CD/Chihuahua-smooth-coat.jpg"],"tags":[{"id":99903001,"name":"small"}],"status":"available"}

21:17:47.741 [main] DEBUG com.intuit.karate - write to file: target\tmp\pet_search.json
]]></system-out>
  </testcase>
  <testcase name="[3:55] Update the pet name and the status to &quot;sold&quot;" classname="examples/pets/pets" time="240.404">
    <system-out><![CDATA[21:17:47.752 [main] INFO  com.intuit.karate - karate.env system property was: null 
21:17:47.763 [main] INFO  com.intuit.karate - [print] Pet id 9223372036854748191 
21:17:47.767 [main] INFO  com.intuit.karate - [print] Old pet name Chihuahua 
21:17:47.770 [main] INFO  com.intuit.karate - [print] Old pet status available 
21:17:47.787 [main] DEBUG com.intuit.karate - request:
1 > PUT https://petstore.swagger.io/v2/pet
1 > Content-Type: application/json; charset=UTF-8
1 > Content-Length: 249
1 > Host: petstore.swagger.io
1 > Connection: Keep-Alive
1 > User-Agent: Apache-HttpClient/4.5.14 (Java/23.0.1)
1 > Accept-Encoding: gzip,deflate
{"id":9223372036854748191,"category":{"id":99902001,"name":"Canine"},"name":"Chihuahua Pet Newer","photoUrls":["https:\/\/cdn.britannica.com\/70\/8170-050-82AE83CD\/Chihuahua-smooth-coat.jpg"],"tags":[{"id":99903001,"name":"small"}],"status":"sold"}

21:17:48.105 [main] DEBUG com.intuit.karate - response time in milliseconds: 316
1 < 200
1 < Date: Mon, 22 Sep 2025 02:17:48 GMT
1 < Content-Type: application/json
1 < Transfer-Encoding: chunked
1 < Connection: keep-alive
1 < Access-Control-Allow-Origin: *
1 < Access-Control-Allow-Methods: GET, POST, DELETE, PUT
1 < Access-Control-Allow-Headers: Content-Type, api_key, Authorization
1 < Server: Jetty(9.2.9.v20150224)
{"id":9223372036854748191,"category":{"id":99902001,"name":"Canine"},"name":"Chihuahua Pet Newer","photoUrls":["https://cdn.britannica.com/70/8170-050-82AE83CD/Chihuahua-smooth-coat.jpg"],"tags":[{"id":99903001,"name":"small"}],"status":"sold"}

21:17:48.117 [main] DEBUG com.intuit.karate - write to file: target\tmp\pet_updated.json
21:17:48.120 [main] INFO  com.intuit.karate - [print] New pet name Chihuahua Pet Newer 
21:17:48.124 [main] INFO  com.intuit.karate - [print] New pet status sold 
21:17:48.127 [main] INFO  com.intuit.karate - [print] Espera de 180 segundos... 
21:21:48.146 [main] INFO  com.intuit.karate - [print] Se reestablece la prueba después de la espera. 
]]></system-out>
  </testcase>
  <testcase name="[4:79] Search by status last pet modified recently" classname="examples/pets/pets" time="1.95">
    <system-out><![CDATA[21:21:48.154 [main] INFO  com.intuit.karate - karate.env system property was: null 
21:21:48.165 [main] DEBUG com.intuit.karate - request:
1 > GET https://petstore.swagger.io/v2/pet/findByStatus?status=sold
1 > Host: petstore.swagger.io
1 > Connection: Keep-Alive
1 > User-Agent: Apache-HttpClient/4.5.14 (Java/23.0.1)
1 > Accept-Encoding: gzip,deflate


21:21:48.848 [main] DEBUG com.intuit.karate - response time in milliseconds: 681
1 < 200
1 < Date: Mon, 22 Sep 2025 02:21:48 GMT
1 < Content-Type: application/json
1 < Transfer-Encoding: chunked
1 < Connection: keep-alive
1 < Access-Control-Allow-Origin: *
1 < Access-Control-Allow-Methods: GET, POST, DELETE, PUT
1 < Access-Control-Allow-Headers: Content-Type, api_key, Authorization
1 < Server: Jetty(9.2.9.v20150224)
[{"id":13,"category":{"id":0,"name":"cats"},"photoUrls":["string"],"tags":[{"id":0,"name":"string"}],"status":"sold"},{"id":9222968140497180206,"name":"Chihuahua Devsu Pet","photoUrls":["https://ajar-cop-out.com"],"tags":[],"status":"sold"},{"id":9222968140497180336,"name":"Chihuahua Devsu Pet","photoUrls":["https://subtle-tom-tom.name"],"tags":[],"status":"sold"},{"id":9222968140497180338,"category":{"id":99902001,"name":"Canine"},"name":"Chihuahua Devsu Pet","photoUrls":["https://cdn.britannica.com/70/8170-050-82AE83CD/Chihuahua-smooth-coat.jpg"],"tags":[{"id":99903001,"name":"small"},{"id":99903002,"name":"2025-09-21T19:23:58.705-0500"}],"status":"sold"},{"id":9222968140497180399,"category":{"id":99902001,"name":"Canine"},"name":"Chihuahua Devsu Pet","photoUrls":["https://cdn.britannica.com/70/8170-050-82AE83CD/Chihuahua-smooth-coat.jpg"],"tags":[{"id":99903001,"name":"small"},{"id":99903002,"name":"2025-09-21T19:36:30.762-0500"}],"status":"sold"},{"id":9222968140497180467,"category":{"id":0,"name":"string"},"name":"Chihuahua Devsu Pet","photoUrls":["string"],"tags":[{"id":0,"name":"string"}],"status":"sold"},{"id":9222968140497180600,"category":{"id":99902001,"name":"Canine"},"name":"Chihuahua Devsu Pet","photoUrls":["https://cdn.britannica.com/70/8170-050-82AE83CD/Chihuahua-smooth-coat.jpg"],"tags":[{"id":99903001,"name":"small"},{"id":99903002,"name":"2025-09-21T19:38:39.279-0500"}],"status":"sold"},{"id":9222968140497181127,"category":{"id":99902001,"name":"Canine"},"name":"Chihuahua Pet Newer","photoUrls":["https://cdn.britannica.com/70/8170-050-82AE83CD/Chihuahua-smooth-coat.jpg"],"tags":[{"id":99903001,"name":"small"}],"status":"sold"},{"id":23688827,"category":{"id":38199557,"name":"officia in"},"name":"doggie","photoUrls":["culpa aliqua do Ut","pariatur non qui"],"tags":[{"id":-59409203,"name":"irure id dolor D"},{"id":-8983193,"name":"amet Duis"}],"status":"sold"},{"id":9030,"category":{"id":0,"name":"string"},"name":"cocker31","photoUrls":["string"],"tags":[{"id":0,"name":"string"}],"status":"sold"},{"id":9223372036854748191,"category":{"id":99902001,"name":"Canine"},"name":"Chihuahua Pet Newer","photoUrls":["https://cdn.britannica.com/70/8170-050-82AE83CD/Chihuahua-smooth-coat.jpg"],"tags":[{"id":99903001,"name":"small"}],"status":"sold"},{"id":9003,"name":"Charlie","photoUrls":["string"],"tags":[{"id":10003,"name":"CharlieTag"}],"status":"sold"}]

21:21:48.851 [main] INFO  com.intuit.karate - [print] petIdFound:  9223372036854748191 
21:21:48.853 [main] INFO  com.intuit.karate - [print] Response:  [
  {
    "id": 13,
    "category": {
      "id": 0,
      "name": "cats"
    },
    "photoUrls": [
      "string"
    ],
    "tags": [
      {
        "id": 0,
        "name": "string"
      }
    ],
    "status": "sold"
  },
  {
    "id": 9222968140497180206,
    "name": "Chihuahua Devsu Pet",
    "photoUrls": [
      "https://ajar-cop-out.com"
    ],
    "tags": [
    ],
    "status": "sold"
  },
  {
    "id": 9222968140497180336,
    "name": "Chihuahua Devsu Pet",
    "photoUrls": [
      "https://subtle-tom-tom.name"
    ],
    "tags": [
    ],
    "status": "sold"
  },
  {
    "id": 9222968140497180338,
    "category": {
      "id": 99902001,
      "name": "Canine"
    },
    "name": "Chihuahua Devsu Pet",
    "photoUrls": [
      "https://cdn.britannica.com/70/8170-050-82AE83CD/Chihuahua-smooth-coat.jpg"
    ],
    "tags": [
      {
        "id": 99903001,
        "name": "small"
      },
      {
        "id": 99903002,
        "name": "2025-09-21T19:23:58.705-0500"
      }
    ],
    "status": "sold"
  },
  {
    "id": 9222968140497180399,
    "category": {
      "id": 99902001,
      "name": "Canine"
    },
    "name": "Chihuahua Devsu Pet",
    "photoUrls": [
      "https://cdn.britannica.com/70/8170-050-82AE83CD/Chihuahua-smooth-coat.jpg"
    ],
    "tags": [
      {
        "id": 99903001,
        "name": "small"
      },
      {
        "id": 99903002,
        "name": "2025-09-21T19:36:30.762-0500"
      }
    ],
    "status": "sold"
  },
  {
    "id": 9222968140497180467,
    "category": {
      "id": 0,
      "name": "string"
    },
    "name": "Chihuahua Devsu Pet",
    "photoUrls": [
      "string"
    ],
    "tags": [
      {
        "id": 0,
        "name": "string"
      }
    ],
    "status": "sold"
  },
  {
    "id": 9222968140497180600,
    "category": {
      "id": 99902001,
      "name": "Canine"
    },
    "name": "Chihuahua Devsu Pet",
    "photoUrls": [
      "https://cdn.britannica.com/70/8170-050-82AE83CD/Chihuahua-smooth-coat.jpg"
    ],
    "tags": [
      {
        "id": 99903001,
        "name": "small"
      },
      {
        "id": 99903002,
        "name": "2025-09-21T19:38:39.279-0500"
      }
    ],
    "status": "sold"
  },
  {
    "id": 9222968140497181127,
    "category": {
      "id": 99902001,
      "name": "Canine"
    },
    "name": "Chihuahua Pet Newer",
    "photoUrls": [
      "https://cdn.britannica.com/70/8170-050-82AE83CD/Chihuahua-smooth-coat.jpg"
    ],
    "tags": [
      {
        "id": 99903001,
        "name": "small"
      }
    ],
    "status": "sold"
  },
  {
    "id": 23688827,
    "category": {
      "id": 38199557,
      "name": "officia in"
    },
    "name": "doggie",
    "photoUrls": [
      "culpa aliqua do Ut",
      "pariatur non qui"
    ],
    "tags": [
      {
        "id": -59409203,
        "name": "irure id dolor D"
      },
      {
        "id": -8983193,
        "name": "amet Duis"
      }
    ],
    "status": "sold"
  },
  {
    "id": 9030,
    "category": {
      "id": 0,
      "name": "string"
    },
    "name": "cocker31",
    "photoUrls": [
      "string"
    ],
    "tags": [
      {
        "id": 0,
        "name": "string"
      }
    ],
    "status": "sold"
  },
  {
    "id": 9223372036854748191,
    "category": {
      "id": 99902001,
      "name": "Canine"
    },
    "name": "Chihuahua Pet Newer",
    "photoUrls": [
      "https://cdn.britannica.com/70/8170-050-82AE83CD/Chihuahua-smooth-coat.jpg"
    ],
    "tags": [
      {
        "id": 99903001,
        "name": "small"
      }
    ],
    "status": "sold"
  },
  {
    "id": 9003,
    "name": "Charlie",
    "photoUrls": [
      "string"
    ],
    "tags": [
      {
        "id": 10003,
        "name": "CharlieTag"
      }
    ],
    "status": "sold"
  }
]
 
21:21:48.916 [main] INFO  com.intuit.karate - [print] Matching item: {
  "id": 9223372036854748191,
  "category": {
    "id": 99902001,
    "name": "Canine"
  },
  "name": "Chihuahua Pet Newer",
  "photoUrls": [
    "https://cdn.britannica.com/70/8170-050-82AE83CD/Chihuahua-smooth-coat.jpg"
  ],
  "tags": [
    {
      "id": 99903001,
      "name": "small"
    }
  ],
  "status": "sold"
}
 
21:21:48.920 [main] DEBUG com.intuit.karate - write to file: target\tmp\pet_findByStatus.json
---------------------------------------------------------
feature: classpath:examples/pets/pets.feature
scenarios:  4 | passed:  4 | failed:  0 | time: 363,0508
---------------------------------------------------------

Karate version: 1.5.0
======================================================
elapsed: 365,45 | threads:    1 | thread time: 363,05 
features:     1 | skipped:    0 | efficiency: 0,99
scenarios:    4 | passed:     4 | failed: 0
======================================================

HTML report: (paste into browser to view) | Karate version: 1.5.0
file:///C:/Development/prys/tests/devsu/api/target/karate-reports/karate-summary.html
===================================================================

]]></system-out>
  </testcase>
</testsuite>